<?xml version="1.0" encoding="UTF-8"?>
<testng-results ignored="0" total="2" passed="2" failed="0" skipped="0">
  <reporter-output>
  </reporter-output>
  <suite started-at="2024-02-03T14:15:05 GMT" name="Test Suite" finished-at="2024-02-03T14:15:25 GMT" duration-ms="19474">
    <groups>
      <group name="cucumber">
        <method signature="TestRunner.runScenario(io.cucumber.testng.PickleWrapper,io.cucumber.testng.FeatureWrapper)[pri:0, instance:runners.TestRunner@3f56875e]" name="runScenario" class="runners.TestRunner"/>
      </group> <!-- cucumber -->
    </groups>
    <test started-at="2024-02-03T14:15:05 GMT" name="Chrome Test" finished-at="2024-02-03T14:15:25 GMT" duration-ms="19474">
      <class name="runners.TestRunner">
        <test-method is-config="true" signature="setUpSuite()[pri:0, instance:runners.TestRunner@3f56875e]" started-at="2024-02-03T14:15:05 GMT" name="setUpSuite" finished-at="2024-02-03T14:15:05 GMT" duration-ms="8" status="PASS">
          <reporter-output>
          </reporter-output>
        </test-method> <!-- setUpSuite -->
        <test-method is-config="true" signature="setUpCucumber()[pri:0, instance:runners.TestRunner@3f56875e]" started-at="2024-02-03T14:15:05 GMT" name="setUpCucumber" finished-at="2024-02-03T14:15:05 GMT" duration-ms="112" status="PASS">
          <reporter-output>
          </reporter-output>
        </test-method> <!-- setUpCucumber -->
        <test-method is-config="true" signature="setUpClass(java.lang.String)[pri:0, instance:runners.TestRunner@3f56875e]" started-at="2024-02-03T14:15:05 GMT" name="setUpClass" finished-at="2024-02-03T14:15:09 GMT" duration-ms="3950" status="PASS">
          <params>
            <param index="0">
              <value>
                <![CDATA[firefox]]>
              </value>
            </param>
          </params>
          <reporter-output>
          </reporter-output>
        </test-method> <!-- setUpClass -->
        <test-method is-config="true" signature="setUpClass(java.lang.String)[pri:0, instance:runners.TestRunner@3f56875e]" started-at="2024-02-03T14:15:05 GMT" name="setUpClass" finished-at="2024-02-03T14:15:08 GMT" duration-ms="2457" status="PASS">
          <params>
            <param index="0">
              <value>
                <![CDATA[firefox]]>
              </value>
            </param>
          </params>
          <reporter-output>
          </reporter-output>
        </test-method> <!-- setUpClass -->
        <test-method signature="runScenario(io.cucumber.testng.PickleWrapper,io.cucumber.testng.FeatureWrapper)[pri:0, instance:runners.TestRunner@3f56875e]" started-at="2024-02-03T14:15:08 GMT" name="runScenario" description="Runs Cucumber Scenarios" data-provider="scenarios" finished-at="2024-02-03T14:15:25 GMT" duration-ms="16880" status="PASS">
          <params>
            <param index="0">
              <value>
                <![CDATA["ÜYE GİRİŞİ OLMADAN, KREDİ KARTI İLE VERİLEN KİŞİ BİLGİLERİ VE DESTİNASYONLARDA OTEL REZERVASYONU YAPILMASI"]]>
              </value>
            </param>
            <param index="1">
              <value>
                <![CDATA["Hotel Reservation Feature"]]>
              </value>
            </param>
          </params>
          <reporter-output>
          </reporter-output>
        </test-method> <!-- runScenario -->
        <test-method signature="runScenario(io.cucumber.testng.PickleWrapper,io.cucumber.testng.FeatureWrapper)[pri:0, instance:runners.TestRunner@3f56875e]" started-at="2024-02-03T14:15:09 GMT" name="runScenario" description="Runs Cucumber Scenarios" data-provider="scenarios" finished-at="2024-02-03T14:15:25 GMT" duration-ms="15394" status="PASS">
          <params>
            <param index="0">
              <value>
                <![CDATA["ÜYE GİRİŞİ OLMADAN, KREDİ KARTI İLE VERİLEN KİŞİ BİLGİLERİ VE DESTİNASYONLARDA OTEL REZERVASYONU YAPILMASI2"]]>
              </value>
            </param>
            <param index="1">
              <value>
                <![CDATA["Hotel Reservation Feature"]]>
              </value>
            </param>
          </params>
          <reporter-output>
          </reporter-output>
        </test-method> <!-- runScenario -->
        <test-method is-config="true" signature="tearDownClass()[pri:0, instance:runners.TestRunner@3f56875e]" started-at="2024-02-03T14:15:25 GMT" name="tearDownClass" finished-at="2024-02-03T14:15:25 GMT" duration-ms="1" status="PASS">
          <reporter-output>
          </reporter-output>
        </test-method> <!-- tearDownClass -->
        <test-method is-config="true" signature="tearDownSuite()[pri:0, instance:runners.TestRunner@3f56875e]" started-at="2024-02-03T14:15:25 GMT" name="tearDownSuite" finished-at="2024-02-03T14:15:25 GMT" duration-ms="0" status="PASS">
          <reporter-output>
          </reporter-output>
        </test-method> <!-- tearDownSuite -->
      </class> <!-- runners.TestRunner -->
    </test> <!-- Chrome Test -->
  </suite> <!-- Test Suite -->
</testng-results>
